2025-04-06 10:22:04.3541 Info Application started. Press Ctrl+C to shut down. 
2025-04-06 10:22:04.3808 Info Hosting environment: Production 
2025-04-06 10:22:04.3808 Info Content root path: C:\Users\Administrator\Documents\GitHub\ZhuVision\WPF.Wcs.Wpf-ui\WinCC.Wpfui.Wcs\WinCC.Wpfui\bin\Debug\net9.0-windows10.0.22000.0 
2025-04-06 10:22:06.3394 Info Application is shutting down... 
2025-04-06 10:43:05.7082 Info Application started. Press Ctrl+C to shut down. 
2025-04-06 10:43:05.7303 Info Hosting environment: Production 
2025-04-06 10:43:05.7303 Info Content root path: C:\Users\Administrator\Documents\GitHub\ZhuVision\WPF.Wcs.Wpf-ui\WinCC.Wpfui.Wcs\WinCC.Wpfui\bin\Debug\net9.0-windows10.0.22000.0 
2025-04-06 10:43:08.6049 Warn 123 
2025-04-06 10:43:11.8911 Warn 123 
2025-04-06 10:43:17.1206 Info Application is shutting down... 
2025-04-06 10:46:02.0565 Info Application started. Press Ctrl+C to shut down. 
2025-04-06 10:46:02.0783 Info Hosting environment: Production 
2025-04-06 10:46:02.0797 Info Content root path: C:\Users\Administrator\Documents\GitHub\ZhuVision\WPF.Wcs.Wpf-ui\WinCC.Wpfui.Wcs\WinCC.Wpfui\bin\Debug\net9.0-windows10.0.22000.0 
2025-04-06 10:47:48.7345 Info Application started. Press Ctrl+C to shut down. 
2025-04-06 10:47:48.7536 Info Hosting environment: Production 
2025-04-06 10:47:48.7536 Info Content root path: C:\Users\Administrator\Documents\GitHub\ZhuVision\WPF.Wcs.Wpf-ui\WinCC.Wpfui.Wcs\WinCC.Wpfui\bin\Debug\net9.0-windows10.0.22000.0 
2025-04-06 10:48:09.2673 Info Application is shutting down... 
2025-04-06 10:49:46.6543 Info Application started. Press Ctrl+C to shut down. 
2025-04-06 10:49:46.6824 Info Hosting environment: Production 
2025-04-06 10:49:46.6824 Info Content root path: C:\Users\Administrator\Documents\GitHub\ZhuVision\WPF.Wcs.Wpf-ui\WinCC.Wpfui.Wcs\WinCC.Wpfui\bin\Debug\net9.0-windows10.0.22000.0 
2025-04-06 10:51:04.1826 Info Application is shutting down... 
2025-04-06 10:56:53.5159 Info Application started. Press Ctrl+C to shut down. 
2025-04-06 10:56:53.5378 Info Hosting environment: Production 
2025-04-06 10:56:53.5378 Info Content root path: C:\Users\Administrator\Documents\GitHub\ZhuVision\WPF.Wcs.Wpf-ui\WinCC.Wpfui.Wcs\WinCC.Wpfui\bin\Debug\net9.0-windows10.0.22000.0 
2025-04-06 10:57:14.2338 Info Application is shutting down... 
2025-04-06 17:05:23.4924 Info Application started. Press Ctrl+C to shut down. 
2025-04-06 17:05:23.5172 Info Hosting environment: Production 
2025-04-06 17:05:23.5172 Info Content root path: C:\Users\Administrator\Documents\GitHub\ZhuVision\WPF.Wcs.Wpf-ui\WinCC.Wpfui.Wcs\WinCC.Wpfui\bin\Debug\net9.0-windows10.0.22000.0 
2025-04-06 17:05:46.1151 Info Application is shutting down... 
