2025-04-03 10:14:55.5410 Info Application started. Press Ctrl+C to shut down. 
2025-04-03 10:14:55.5692 Info Hosting environment: Production 
2025-04-03 10:14:55.5692 Info Content root path: C:\Users\Administrator\Documents\GitHub\ZhuVision\WPF.Wcs.Wpf-ui\WinCC.Wpfui.Wcs\WinCC.Wpfui\bin\Debug\net9.0-windows10.0.22000.0 
2025-04-03 10:21:27.9454 Info Application started. Press Ctrl+C to shut down. 
2025-04-03 10:21:27.9673 Info Hosting environment: Production 
2025-04-03 10:21:27.9673 Info Content root path: C:\Users\Administrator\Documents\GitHub\ZhuVision\WPF.Wcs.Wpf-ui\WinCC.Wpfui.Wcs\WinCC.Wpfui\bin\Debug\net9.0-windows10.0.22000.0 
2025-04-03 10:21:30.8271 Warn 123 
2025-04-03 10:21:35.0815 Warn 123 
2025-04-03 10:21:37.1762 Info Application is shutting down... 
2025-04-03 10:21:52.5940 Info Application started. Press Ctrl+C to shut down. 
2025-04-03 10:21:52.6182 Info Hosting environment: Production 
2025-04-03 10:21:52.6182 Info Content root path: C:\Users\Administrator\Documents\GitHub\ZhuVision\WPF.Wcs.Wpf-ui\WinCC.Wpfui.Wcs\WinCC.Wpfui\bin\Debug\net9.0-windows10.0.22000.0 
2025-04-03 10:22:40.7328 Info Application started. Press Ctrl+C to shut down. 
2025-04-03 10:22:40.7539 Info Hosting environment: Production 
2025-04-03 10:22:40.7539 Info Content root path: C:\Users\Administrator\Documents\GitHub\ZhuVision\WPF.Wcs.Wpf-ui\WinCC.Wpfui.Wcs\WinCC.Wpfui\bin\Debug\net9.0-windows10.0.22000.0 
2025-04-03 10:40:11.2251 Info Application started. Press Ctrl+C to shut down. 
2025-04-03 10:40:11.2487 Info Hosting environment: Production 
2025-04-03 10:40:11.2487 Info Content root path: C:\Users\Administrator\Documents\GitHub\ZhuVision\WPF.Wcs.Wpf-ui\WinCC.Wpfui.Wcs\WinCC.Wpfui\bin\Debug\net9.0-windows10.0.22000.0 
2025-04-03 11:02:05.4169 Info Application started. Press Ctrl+C to shut down. 
2025-04-03 11:02:05.4358 Info Hosting environment: Production 
2025-04-03 11:02:05.4358 Info Content root path: C:\Users\Administrator\Documents\GitHub\ZhuVision\WPF.Wcs.Wpf-ui\WinCC.Wpfui.Wcs\WinCC.Wpfui\bin\Debug\net9.0-windows10.0.22000.0 
2025-04-03 11:05:10.0388 Info Application started. Press Ctrl+C to shut down. 
2025-04-03 11:05:10.0597 Info Hosting environment: Production 
2025-04-03 11:05:10.0597 Info Content root path: C:\Users\Administrator\Documents\GitHub\ZhuVision\WPF.Wcs.Wpf-ui\WinCC.Wpfui.Wcs\WinCC.Wpfui\bin\Debug\net9.0-windows10.0.22000.0 
2025-04-03 11:08:26.9611 Info Application started. Press Ctrl+C to shut down. 
2025-04-03 11:08:26.9761 Info Hosting environment: Production 
2025-04-03 11:08:26.9761 Info Content root path: C:\Users\Administrator\Documents\GitHub\ZhuVision\WPF.Wcs.Wpf-ui\WinCC.Wpfui.Wcs\WinCC.Wpfui\bin\Debug\net9.0-windows10.0.22000.0 
2025-04-03 11:08:47.0525 Info Application is shutting down... 
2025-04-03 11:09:29.0929 Info Application started. Press Ctrl+C to shut down. 
2025-04-03 11:09:29.1118 Info Hosting environment: Production 
2025-04-03 11:09:29.1140 Info Content root path: C:\Users\Administrator\Documents\GitHub\ZhuVision\WPF.Wcs.Wpf-ui\WinCC.Wpfui.Wcs\WinCC.Wpfui\bin\Debug\net9.0-windows10.0.22000.0 
2025-04-03 11:09:46.5966 Info Application is shutting down... 
2025-04-03 11:21:13.1882 Info Application started. Press Ctrl+C to shut down. 
2025-04-03 11:21:13.2104 Info Hosting environment: Production 
2025-04-03 11:21:13.2104 Info Content root path: C:\Users\Administrator\Documents\GitHub\ZhuVision\WPF.Wcs.Wpf-ui\WinCC.Wpfui.Wcs\WinCC.Wpfui\bin\Debug\net9.0-windows10.0.22000.0 
2025-04-03 13:43:54.1015 Info Application started. Press Ctrl+C to shut down. 
2025-04-03 13:43:54.1184 Info Hosting environment: Production 
2025-04-03 13:43:54.1184 Info Content root path: C:\Users\Administrator\Documents\GitHub\ZhuVision\WPF.Wcs.Wpf-ui\WinCC.Wpfui.Wcs\WinCC.Wpfui\bin\Debug\net9.0-windows10.0.22000.0 
2025-04-03 13:44:50.0135 Info Application started. Press Ctrl+C to shut down. 
2025-04-03 13:44:50.0304 Info Hosting environment: Production 
2025-04-03 13:44:50.0304 Info Content root path: C:\Users\Administrator\Documents\GitHub\ZhuVision\WPF.Wcs.Wpf-ui\WinCC.Wpfui.Wcs\WinCC.Wpfui\bin\Debug\net9.0-windows10.0.22000.0 
2025-04-03 13:45:25.7834 Info Application started. Press Ctrl+C to shut down. 
2025-04-03 13:45:25.8034 Info Hosting environment: Production 
2025-04-03 13:45:25.8034 Info Content root path: C:\Users\Administrator\Documents\GitHub\ZhuVision\WPF.Wcs.Wpf-ui\WinCC.Wpfui.Wcs\WinCC.Wpfui\bin\Debug\net9.0-windows10.0.22000.0 
2025-04-03 13:47:12.1295 Info Application started. Press Ctrl+C to shut down. 
2025-04-03 13:47:12.1525 Info Hosting environment: Production 
2025-04-03 13:47:12.1525 Info Content root path: C:\Users\Administrator\Documents\GitHub\ZhuVision\WPF.Wcs.Wpf-ui\WinCC.Wpfui.Wcs\WinCC.Wpfui\bin\Debug\net9.0-windows10.0.22000.0 
2025-04-03 13:47:14.1066 Info Application is shutting down... 
2025-04-03 13:52:27.8929 Info Application started. Press Ctrl+C to shut down. 
2025-04-03 13:52:27.9204 Info Hosting environment: Production 
2025-04-03 13:52:27.9204 Info Content root path: C:\Users\Administrator\Documents\GitHub\ZhuVision\WPF.Wcs.Wpf-ui\WinCC.Wpfui.Wcs\WinCC.Wpfui\bin\Debug\net9.0-windows10.0.22000.0 
2025-04-03 13:53:24.2748 Info Application started. Press Ctrl+C to shut down. 
2025-04-03 13:53:24.2920 Info Hosting environment: Production 
2025-04-03 13:53:24.2920 Info Content root path: C:\Users\Administrator\Documents\GitHub\ZhuVision\WPF.Wcs.Wpf-ui\WinCC.Wpfui.Wcs\WinCC.Wpfui\bin\Debug\net9.0-windows10.0.22000.0 
2025-04-03 13:53:31.0822 Info Application is shutting down... 
2025-04-03 14:17:23.7824 Info Application started. Press Ctrl+C to shut down. 
2025-04-03 14:17:23.8015 Info Hosting environment: Production 
2025-04-03 14:17:23.8015 Info Content root path: C:\Users\Administrator\Documents\GitHub\ZhuVision\WPF.Wcs.Wpf-ui\WinCC.Wpfui.Wcs\WinCC.Wpfui\bin\Debug\net9.0-windows10.0.22000.0 
2025-04-03 14:17:28.2876 Info Application is shutting down... 
2025-04-03 14:17:53.2771 Info Application started. Press Ctrl+C to shut down. 
2025-04-03 14:17:53.2970 Info Hosting environment: Production 
2025-04-03 14:17:53.2970 Info Content root path: C:\Users\Administrator\Documents\GitHub\ZhuVision\WPF.Wcs.Wpf-ui\WinCC.Wpfui.Wcs\WinCC.Wpfui\bin\Debug\net9.0-windows10.0.22000.0 
2025-04-03 14:20:07.2215 Info Application started. Press Ctrl+C to shut down. 
2025-04-03 14:20:07.2580 Info Hosting environment: Production 
2025-04-03 14:20:07.2580 Info Content root path: C:\Users\Administrator\Documents\GitHub\ZhuVision\WPF.Wcs.Wpf-ui\WinCC.Wpfui.Wcs\WinCC.Wpfui\bin\Debug\net9.0-windows10.0.22000.0 
2025-04-03 14:20:25.1577 Info Application is shutting down... 
2025-04-03 14:21:11.4194 Info Application started. Press Ctrl+C to shut down. 
2025-04-03 14:21:11.4392 Info Hosting environment: Production 
2025-04-03 14:21:11.4392 Info Content root path: C:\Users\Administrator\Documents\GitHub\ZhuVision\WPF.Wcs.Wpf-ui\WinCC.Wpfui.Wcs\WinCC.Wpfui\bin\Debug\net9.0-windows10.0.22000.0 
2025-04-03 14:21:41.3616 Info Application is shutting down... 
2025-04-03 14:24:09.7511 Info Application started. Press Ctrl+C to shut down. 
2025-04-03 14:24:09.7731 Info Hosting environment: Production 
2025-04-03 14:24:09.7731 Info Content root path: C:\Users\Administrator\Documents\GitHub\ZhuVision\WPF.Wcs.Wpf-ui\WinCC.Wpfui.Wcs\WinCC.Wpfui\bin\Debug\net9.0-windows10.0.22000.0 
2025-04-03 14:24:18.6434 Warn 123 
2025-04-03 14:24:43.0971 Info Application is shutting down... 
2025-04-03 14:28:11.0934 Info Application started. Press Ctrl+C to shut down. 
2025-04-03 14:28:11.1115 Info Hosting environment: Production 
2025-04-03 14:28:11.1131 Info Content root path: C:\Users\Administrator\Documents\GitHub\ZhuVision\WPF.Wcs.Wpf-ui\WinCC.Wpfui.Wcs\WinCC.Wpfui\bin\Debug\net9.0-windows10.0.22000.0 
2025-04-03 14:35:05.6390 Info Application started. Press Ctrl+C to shut down. 
2025-04-03 14:35:05.6615 Info Hosting environment: Production 
2025-04-03 14:35:05.6615 Info Content root path: C:\Users\Administrator\Documents\GitHub\ZhuVision\WPF.Wcs.Wpf-ui\WinCC.Wpfui.Wcs\WinCC.Wpfui\bin\Debug\net9.0-windows10.0.22000.0 
2025-04-03 14:35:13.3481 Info Application is shutting down... 
2025-04-03 14:36:12.8860 Info Application started. Press Ctrl+C to shut down. 
2025-04-03 14:36:12.9096 Info Hosting environment: Production 
2025-04-03 14:36:12.9108 Info Content root path: C:\Users\Administrator\Documents\GitHub\ZhuVision\WPF.Wcs.Wpf-ui\WinCC.Wpfui.Wcs\WinCC.Wpfui\bin\Debug\net9.0-windows10.0.22000.0 
2025-04-03 14:36:45.7165 Info Application is shutting down... 
2025-04-03 14:40:29.6971 Info Application started. Press Ctrl+C to shut down. 
2025-04-03 14:40:29.7324 Info Hosting environment: Production 
2025-04-03 14:40:29.7324 Info Content root path: C:\Users\Administrator\Documents\GitHub\ZhuVision\WPF.Wcs.Wpf-ui\WinCC.Wpfui.Wcs\WinCC.Wpfui\bin\Debug\net9.0-windows10.0.22000.0 
2025-04-03 14:54:52.7235 Info Application started. Press Ctrl+C to shut down. 
2025-04-03 14:54:52.7427 Info Hosting environment: Production 
2025-04-03 14:54:52.7427 Info Content root path: C:\Users\Administrator\Documents\GitHub\ZhuVision\WPF.Wcs.Wpf-ui\WinCC.Wpfui.Wcs\WinCC.Wpfui\bin\Debug\net9.0-windows10.0.22000.0 
2025-04-03 14:57:21.6196 Info Application started. Press Ctrl+C to shut down. 
2025-04-03 14:57:21.6495 Info Hosting environment: Production 
2025-04-03 14:57:21.6495 Info Content root path: C:\Users\Administrator\Documents\GitHub\ZhuVision\WPF.Wcs.Wpf-ui\WinCC.Wpfui.Wcs\WinCC.Wpfui\bin\Debug\net9.0-windows10.0.22000.0 
2025-04-03 14:59:19.7246 Info Application started. Press Ctrl+C to shut down. 
2025-04-03 14:59:19.7520 Info Hosting environment: Production 
2025-04-03 14:59:19.7535 Info Content root path: C:\Users\Administrator\Documents\GitHub\ZhuVision\WPF.Wcs.Wpf-ui\WinCC.Wpfui.Wcs\WinCC.Wpfui\bin\Debug\net9.0-windows10.0.22000.0 
2025-04-03 14:59:45.0586 Info Application is shutting down... 
2025-04-03 15:21:39.5988 Info Application started. Press Ctrl+C to shut down. 
2025-04-03 15:21:39.6149 Info Hosting environment: Production 
2025-04-03 15:21:39.6149 Info Content root path: C:\Users\Administrator\Documents\GitHub\ZhuVision\WPF.Wcs.Wpf-ui\WinCC.Wpfui.Wcs\WinCC.Wpfui\bin\Debug\net9.0-windows10.0.22000.0 
2025-04-03 15:35:59.6202 Info Application started. Press Ctrl+C to shut down. 
2025-04-03 15:35:59.6478 Info Hosting environment: Production 
2025-04-03 15:35:59.6478 Info Content root path: C:\Users\Administrator\Documents\GitHub\ZhuVision\WPF.Wcs.Wpf-ui\WinCC.Wpfui.Wcs\WinCC.Wpfui\bin\Debug\net9.0-windows10.0.22000.0 
2025-04-03 15:38:42.1983 Warn 123 
2025-04-03 15:39:27.3572 Info Application is shutting down... 
2025-04-03 15:40:07.6943 Info Application started. Press Ctrl+C to shut down. 
2025-04-03 15:40:07.7146 Info Hosting environment: Production 
2025-04-03 15:40:07.7146 Info Content root path: C:\Users\Administrator\Documents\GitHub\ZhuVision\WPF.Wcs.Wpf-ui\WinCC.Wpfui.Wcs\WinCC.Wpfui\bin\Debug\net9.0-windows10.0.22000.0 
2025-04-03 15:40:22.9911 Info Application is shutting down... 
2025-04-03 15:47:19.9494 Info Application started. Press Ctrl+C to shut down. 
2025-04-03 15:47:19.9728 Info Hosting environment: Production 
2025-04-03 15:47:19.9728 Info Content root path: C:\Users\Administrator\Documents\GitHub\ZhuVision\WPF.Wcs.Wpf-ui\WinCC.Wpfui.Wcs\WinCC.Wpfui\bin\Debug\net9.0-windows10.0.22000.0 
2025-04-03 15:47:47.7688 Info Application started. Press Ctrl+C to shut down. 
2025-04-03 15:47:47.7898 Info Hosting environment: Production 
2025-04-03 15:47:47.7898 Info Content root path: C:\Users\Administrator\Documents\GitHub\ZhuVision\WPF.Wcs.Wpf-ui\WinCC.Wpfui.Wcs\WinCC.Wpfui\bin\Debug\net9.0-windows10.0.22000.0 
2025-04-03 15:51:36.7507 Warn 123 
2025-04-03 16:00:05.1031 Info Application started. Press Ctrl+C to shut down. 
2025-04-03 16:00:05.1225 Info Hosting environment: Production 
2025-04-03 16:00:05.1225 Info Content root path: C:\Users\Administrator\Documents\GitHub\ZhuVision\WPF.Wcs.Wpf-ui\WinCC.Wpfui.Wcs\WinCC.Wpfui\bin\Debug\net9.0-windows10.0.22000.0 
2025-04-03 16:03:21.5231 Info Application started. Press Ctrl+C to shut down. 
2025-04-03 16:03:21.5443 Info Hosting environment: Production 
2025-04-03 16:03:21.5443 Info Content root path: C:\Users\Administrator\Documents\GitHub\ZhuVision\WPF.Wcs.Wpf-ui\WinCC.Wpfui.Wcs\WinCC.Wpfui\bin\Debug\net9.0-windows10.0.22000.0 
2025-04-03 16:03:22.6777 Info Application is shutting down... 
2025-04-03 16:03:33.6227 Info Application started. Press Ctrl+C to shut down. 
2025-04-03 16:03:33.6471 Info Hosting environment: Production 
2025-04-03 16:03:33.6471 Info Content root path: C:\Users\Administrator\Documents\GitHub\ZhuVision\WPF.Wcs.Wpf-ui\WinCC.Wpfui.Wcs\WinCC.Wpfui\bin\Debug\net9.0-windows10.0.22000.0 
2025-04-03 16:04:06.5000 Info Application is shutting down... 
2025-04-03 16:11:42.6625 Info Application started. Press Ctrl+C to shut down. 
2025-04-03 16:11:42.6844 Info Hosting environment: Production 
2025-04-03 16:11:42.6844 Info Content root path: C:\Users\Administrator\Documents\GitHub\ZhuVision\WPF.Wcs.Wpf-ui\WinCC.Wpfui.Wcs\WinCC.Wpfui\bin\Debug\net9.0-windows10.0.22000.0 
2025-04-03 16:38:09.8918 Info Application started. Press Ctrl+C to shut down. 
2025-04-03 16:38:09.9099 Info Hosting environment: Production 
2025-04-03 16:38:09.9099 Info Content root path: C:\Users\Administrator\Documents\GitHub\ZhuVision\WPF.Wcs.Wpf-ui\WinCC.Wpfui.Wcs\WinCC.Wpfui\bin\Debug\net9.0-windows10.0.22000.0 
2025-04-03 16:38:39.8060 Info Application is shutting down... 
2025-04-03 16:40:13.0295 Info Application started. Press Ctrl+C to shut down. 
2025-04-03 16:40:13.0476 Info Hosting environment: Production 
2025-04-03 16:40:13.0476 Info Content root path: C:\Users\Administrator\Documents\GitHub\ZhuVision\WPF.Wcs.Wpf-ui\WinCC.Wpfui.Wcs\WinCC.Wpfui\bin\Debug\net9.0-windows10.0.22000.0 
2025-04-03 16:44:25.0334 Info Application started. Press Ctrl+C to shut down. 
2025-04-03 16:44:25.0541 Info Hosting environment: Production 
2025-04-03 16:44:25.0541 Info Content root path: C:\Users\Administrator\Documents\GitHub\ZhuVision\WPF.Wcs.Wpf-ui\WinCC.Wpfui.Wcs\WinCC.Wpfui\bin\Debug\net9.0-windows10.0.22000.0 
2025-04-03 16:45:40.1447 Info Application started. Press Ctrl+C to shut down. 
2025-04-03 16:45:40.1672 Info Hosting environment: Production 
2025-04-03 16:45:40.1672 Info Content root path: C:\Users\Administrator\Documents\GitHub\ZhuVision\WPF.Wcs.Wpf-ui\WinCC.Wpfui.Wcs\WinCC.Wpfui\bin\Debug\net9.0-windows10.0.22000.0 
2025-04-03 16:49:19.4173 Info Application started. Press Ctrl+C to shut down. 
2025-04-03 16:49:19.4363 Info Hosting environment: Production 
2025-04-03 16:49:19.4363 Info Content root path: C:\Users\Administrator\Documents\GitHub\ZhuVision\WPF.Wcs.Wpf-ui\WinCC.Wpfui.Wcs\WinCC.Wpfui\bin\Debug\net9.0-windows10.0.22000.0 
2025-04-03 16:53:19.9017 Info Application started. Press Ctrl+C to shut down. 
2025-04-03 16:53:19.9218 Info Hosting environment: Production 
2025-04-03 16:53:19.9218 Info Content root path: C:\Users\Administrator\Documents\GitHub\ZhuVision\WPF.Wcs.Wpf-ui\WinCC.Wpfui.Wcs\WinCC.Wpfui\bin\Debug\net9.0-windows10.0.22000.0 
2025-04-03 17:01:50.6280 Warn 123 
2025-04-03 17:02:53.6782 Info Application is shutting down... 
