2025-04-02 09:04:46.4940 Info Application started. Press Ctrl+C to shut down. 
2025-04-02 09:04:46.5250 Info Hosting environment: Production 
2025-04-02 09:04:46.5250 Info Content root path: C:\Users\Administrator\Documents\GitHub\ZhuVision\WPF.Wcs.Wpf-ui\WinCC.Wpfui.Wcs\WinCC.Wpfui\bin\Debug\net9.0-windows10.0.22000.0 
2025-04-02 09:05:58.6681 Info Application started. Press Ctrl+C to shut down. 
2025-04-02 09:05:58.6938 Info Hosting environment: Production 
2025-04-02 09:05:58.6938 Info Content root path: C:\Users\Administrator\Documents\GitHub\ZhuVision\WPF.Wcs.Wpf-ui\WinCC.Wpfui.Wcs\WinCC.Wpfui\bin\Debug\net9.0-windows10.0.22000.0 
2025-04-02 09:06:03.8225 Info Application is shutting down... 
2025-04-02 09:06:25.4617 Info Application started. Press Ctrl+C to shut down. 
2025-04-02 09:06:25.4781 Info Hosting environment: Production 
2025-04-02 09:06:25.4781 Info Content root path: C:\Users\Administrator\Documents\GitHub\ZhuVision\WPF.Wcs.Wpf-ui\WinCC.Wpfui.Wcs\WinCC.Wpfui\bin\Debug\net9.0-windows10.0.22000.0 
2025-04-02 09:06:36.6435 Info Application is shutting down... 
2025-04-02 09:07:18.8751 Info Application started. Press Ctrl+C to shut down. 
2025-04-02 09:07:18.8950 Info Hosting environment: Production 
2025-04-02 09:07:18.8950 Info Content root path: C:\Users\Administrator\Documents\GitHub\ZhuVision\WPF.Wcs.Wpf-ui\WinCC.Wpfui.Wcs\WinCC.Wpfui\bin\Debug\net9.0-windows10.0.22000.0 
2025-04-02 09:07:42.7890 Info Application started. Press Ctrl+C to shut down. 
2025-04-02 09:07:42.8114 Info Hosting environment: Production 
2025-04-02 09:07:42.8114 Info Content root path: C:\Users\Administrator\Documents\GitHub\ZhuVision\WPF.Wcs.Wpf-ui\WinCC.Wpfui.Wcs\WinCC.Wpfui\bin\Debug\net9.0-windows10.0.22000.0 
2025-04-02 09:09:06.7705 Info Application started. Press Ctrl+C to shut down. 
2025-04-02 09:09:06.7880 Info Hosting environment: Production 
2025-04-02 09:09:06.7880 Info Content root path: C:\Users\Administrator\Documents\GitHub\ZhuVision\WPF.Wcs.Wpf-ui\WinCC.Wpfui.Wcs\WinCC.Wpfui\bin\Debug\net9.0-windows10.0.22000.0 
2025-04-02 09:11:04.9034 Info Application started. Press Ctrl+C to shut down. 
2025-04-02 09:11:04.9230 Info Hosting environment: Production 
2025-04-02 09:11:04.9230 Info Content root path: C:\Users\Administrator\Documents\GitHub\ZhuVision\WPF.Wcs.Wpf-ui\WinCC.Wpfui.Wcs\WinCC.Wpfui\bin\Debug\net9.0-windows10.0.22000.0 
2025-04-02 09:12:56.5443 Info Application started. Press Ctrl+C to shut down. 
2025-04-02 09:12:56.5686 Info Hosting environment: Production 
2025-04-02 09:12:56.5686 Info Content root path: C:\Users\Administrator\Documents\GitHub\ZhuVision\WPF.Wcs.Wpf-ui\WinCC.Wpfui.Wcs\WinCC.Wpfui\bin\Debug\net9.0-windows10.0.22000.0 
2025-04-02 09:14:44.0434 Info Application started. Press Ctrl+C to shut down. 
2025-04-02 09:14:44.0594 Info Hosting environment: Production 
2025-04-02 09:14:44.0594 Info Content root path: C:\Users\Administrator\Documents\GitHub\ZhuVision\WPF.Wcs.Wpf-ui\WinCC.Wpfui.Wcs\WinCC.Wpfui\bin\Debug\net9.0-windows10.0.22000.0 
2025-04-02 09:14:46.0649 Warn 123 
2025-04-02 09:15:30.4056 Info Application started. Press Ctrl+C to shut down. 
2025-04-02 09:15:30.4284 Info Hosting environment: Production 
2025-04-02 09:15:30.4284 Info Content root path: C:\Users\Administrator\Documents\GitHub\ZhuVision\WPF.Wcs.Wpf-ui\WinCC.Wpfui.Wcs\WinCC.Wpfui\bin\Debug\net9.0-windows10.0.22000.0 
2025-04-02 09:15:31.5045 Info Application is shutting down... 
2025-04-02 09:15:39.0335 Info Application started. Press Ctrl+C to shut down. 
2025-04-02 09:15:39.0500 Info Hosting environment: Production 
2025-04-02 09:15:39.0500 Info Content root path: C:\Users\Administrator\Documents\GitHub\ZhuVision\WPF.Wcs.Wpf-ui\WinCC.Wpfui.Wcs\WinCC.Wpfui\bin\Debug\net9.0-windows10.0.22000.0 
2025-04-02 09:15:40.8718 Warn 123 
2025-04-02 09:15:45.0945 Warn 123 
2025-04-02 09:15:49.1126 Info Application is shutting down... 
2025-04-02 09:16:04.3916 Info Application started. Press Ctrl+C to shut down. 
2025-04-02 09:16:04.4139 Info Hosting environment: Production 
2025-04-02 09:16:04.4139 Info Content root path: C:\Users\Administrator\Documents\GitHub\ZhuVision\WPF.Wcs.Wpf-ui\WinCC.Wpfui.Wcs\WinCC.Wpfui\bin\Debug\net9.0-windows10.0.22000.0 
2025-04-02 09:16:06.0878 Warn 123 
2025-04-02 09:16:11.9200 Info Application is shutting down... 
2025-04-02 09:16:21.9354 Info Application started. Press Ctrl+C to shut down. 
2025-04-02 09:16:21.9526 Info Hosting environment: Production 
2025-04-02 09:16:21.9526 Info Content root path: C:\Users\Administrator\Documents\GitHub\ZhuVision\WPF.Wcs.Wpf-ui\WinCC.Wpfui.Wcs\WinCC.Wpfui\bin\Debug\net9.0-windows10.0.22000.0 
2025-04-02 09:16:49.8678 Info Application started. Press Ctrl+C to shut down. 
2025-04-02 09:16:49.8859 Info Hosting environment: Production 
2025-04-02 09:16:49.8859 Info Content root path: C:\Users\Administrator\Documents\GitHub\ZhuVision\WPF.Wcs.Wpf-ui\WinCC.Wpfui.Wcs\WinCC.Wpfui\bin\Debug\net9.0-windows10.0.22000.0 
2025-04-02 09:18:18.2772 Info Application started. Press Ctrl+C to shut down. 
2025-04-02 09:18:18.2956 Info Hosting environment: Production 
2025-04-02 09:18:18.2956 Info Content root path: C:\Users\Administrator\Documents\GitHub\ZhuVision\WPF.Wcs.Wpf-ui\WinCC.Wpfui.Wcs\WinCC.Wpfui\bin\Debug\net9.0-windows10.0.22000.0 
2025-04-02 09:21:30.9737 Info Application started. Press Ctrl+C to shut down. 
2025-04-02 09:21:30.9931 Info Hosting environment: Production 
2025-04-02 09:21:30.9931 Info Content root path: C:\Users\Administrator\Documents\GitHub\ZhuVision\WPF.Wcs.Wpf-ui\WinCC.Wpfui.Wcs\WinCC.Wpfui\bin\Debug\net9.0-windows10.0.22000.0 
2025-04-02 09:21:32.6732 Warn 123 
2025-04-02 09:21:36.0974 Info Application is shutting down... 
2025-04-02 09:21:44.8706 Info Application started. Press Ctrl+C to shut down. 
2025-04-02 09:21:44.8890 Info Hosting environment: Production 
2025-04-02 09:21:44.8890 Info Content root path: C:\Users\Administrator\Documents\GitHub\ZhuVision\WPF.Wcs.Wpf-ui\WinCC.Wpfui.Wcs\WinCC.Wpfui\bin\Debug\net9.0-windows10.0.22000.0 
2025-04-02 09:21:46.4652 Warn 123 
2025-04-02 09:22:00.0361 Info Application is shutting down... 
2025-04-02 09:22:13.4941 Info Application started. Press Ctrl+C to shut down. 
2025-04-02 09:22:13.5097 Info Hosting environment: Production 
2025-04-02 09:22:13.5097 Info Content root path: C:\Users\Administrator\Documents\GitHub\ZhuVision\WPF.Wcs.Wpf-ui\WinCC.Wpfui.Wcs\WinCC.Wpfui\bin\Debug\net9.0-windows10.0.22000.0 
2025-04-02 09:22:15.0172 Warn 123 
2025-04-02 09:22:16.9590 Info Application is shutting down... 
2025-04-02 09:22:25.2651 Info Application started. Press Ctrl+C to shut down. 
2025-04-02 09:22:25.2851 Info Hosting environment: Production 
2025-04-02 09:22:25.2851 Info Content root path: C:\Users\Administrator\Documents\GitHub\ZhuVision\WPF.Wcs.Wpf-ui\WinCC.Wpfui.Wcs\WinCC.Wpfui\bin\Debug\net9.0-windows10.0.22000.0 
2025-04-02 09:22:27.1939 Warn 123 
2025-04-02 09:22:46.8414 Info Application is shutting down... 
2025-04-02 09:24:10.3831 Info Application started. Press Ctrl+C to shut down. 
2025-04-02 09:24:10.4057 Info Hosting environment: Production 
2025-04-02 09:24:10.4057 Info Content root path: C:\Users\Administrator\Documents\GitHub\ZhuVision\WPF.Wcs.Wpf-ui\WinCC.Wpfui.Wcs\WinCC.Wpfui\bin\Debug\net9.0-windows10.0.22000.0 
2025-04-02 09:25:56.7279 Info Application started. Press Ctrl+C to shut down. 
2025-04-02 09:25:56.7512 Info Hosting environment: Production 
2025-04-02 09:25:56.7512 Info Content root path: C:\Users\Administrator\Documents\GitHub\ZhuVision\WPF.Wcs.Wpf-ui\WinCC.Wpfui.Wcs\WinCC.Wpfui\bin\Debug\net9.0-windows10.0.22000.0 
2025-04-02 09:27:23.3787 Info Application started. Press Ctrl+C to shut down. 
2025-04-02 09:27:23.3956 Info Hosting environment: Production 
2025-04-02 09:27:23.3956 Info Content root path: C:\Users\Administrator\Documents\GitHub\ZhuVision\WPF.Wcs.Wpf-ui\WinCC.Wpfui.Wcs\WinCC.Wpfui\bin\Debug\net9.0-windows10.0.22000.0 
2025-04-02 10:04:30.5492 Info Application started. Press Ctrl+C to shut down. 
2025-04-02 10:04:30.5731 Info Hosting environment: Production 
2025-04-02 10:04:30.5731 Info Content root path: C:\Users\Administrator\Documents\GitHub\ZhuVision\WPF.Wcs.Wpf-ui\WinCC.Wpfui.Wcs\WinCC.Wpfui\bin\Debug\net9.0-windows10.0.22000.0 
2025-04-02 10:04:32.5554 Warn 123 
2025-04-02 10:04:35.8418 Info Application is shutting down... 
2025-04-02 11:14:00.8845 Info Application started. Press Ctrl+C to shut down. 
2025-04-02 11:14:00.9134 Info Hosting environment: Production 
2025-04-02 11:14:00.9134 Info Content root path: C:\Users\Administrator\Documents\GitHub\ZhuVision\WPF.Wcs.Wpf-ui\WinCC.Wpfui.Wcs\WinCC.Wpfui\bin\Debug\net9.0-windows10.0.22000.0 
2025-04-02 11:14:02.5627 Warn 123 
2025-04-02 11:15:49.2468 Info Application is shutting down... 
2025-04-02 11:15:56.6715 Info Application started. Press Ctrl+C to shut down. 
2025-04-02 11:15:56.6882 Info Hosting environment: Production 
2025-04-02 11:15:56.6882 Info Content root path: C:\Users\Administrator\Documents\GitHub\ZhuVision\WPF.Wcs.Wpf-ui\WinCC.Wpfui.Wcs\WinCC.Wpfui\bin\Debug\net9.0-windows10.0.22000.0 
2025-04-02 11:15:58.4025 Warn 123 
2025-04-02 11:16:59.2038 Info Application started. Press Ctrl+C to shut down. 
2025-04-02 11:16:59.2272 Info Hosting environment: Production 
2025-04-02 11:16:59.2272 Info Content root path: C:\Users\Administrator\Documents\GitHub\ZhuVision\WPF.Wcs.Wpf-ui\WinCC.Wpfui.Wcs\WinCC.Wpfui\bin\Debug\net9.0-windows10.0.22000.0 
2025-04-02 11:17:01.7541 Warn 123 
2025-04-02 11:17:33.1050 Info Application is shutting down... 
2025-04-02 11:17:44.9034 Info Application started. Press Ctrl+C to shut down. 
2025-04-02 11:17:44.9256 Info Hosting environment: Production 
2025-04-02 11:17:44.9256 Info Content root path: C:\Users\Administrator\Documents\GitHub\ZhuVision\WPF.Wcs.Wpf-ui\WinCC.Wpfui.Wcs\WinCC.Wpfui\bin\Debug\net9.0-windows10.0.22000.0 
2025-04-02 11:17:46.7218 Warn 123 
2025-04-02 11:17:54.2884 Info Application is shutting down... 
2025-04-02 11:19:07.0649 Info Application started. Press Ctrl+C to shut down. 
2025-04-02 11:19:07.0846 Info Hosting environment: Production 
2025-04-02 11:19:07.0846 Info Content root path: C:\Users\Administrator\Documents\GitHub\ZhuVision\WPF.Wcs.Wpf-ui\WinCC.Wpfui.Wcs\WinCC.Wpfui\bin\Debug\net9.0-windows10.0.22000.0 
2025-04-02 11:19:08.6825 Warn 123 
2025-04-02 11:19:26.6242 Info Application is shutting down... 
2025-04-02 11:21:36.8783 Info Application started. Press Ctrl+C to shut down. 
2025-04-02 11:21:36.8993 Info Hosting environment: Production 
2025-04-02 11:21:36.8993 Info Content root path: C:\Users\Administrator\Documents\GitHub\ZhuVision\WPF.Wcs.Wpf-ui\WinCC.Wpfui.Wcs\WinCC.Wpfui\bin\Debug\net9.0-windows10.0.22000.0 
2025-04-02 11:21:39.5450 Warn 123 
2025-04-02 11:22:17.1897 Info Application is shutting down... 
2025-04-02 11:23:08.5247 Info Application started. Press Ctrl+C to shut down. 
2025-04-02 11:23:08.5493 Info Hosting environment: Production 
2025-04-02 11:23:08.5493 Info Content root path: C:\Users\Administrator\Documents\GitHub\ZhuVision\WPF.Wcs.Wpf-ui\WinCC.Wpfui.Wcs\WinCC.Wpfui\bin\Debug\net9.0-windows10.0.22000.0 
2025-04-02 11:23:10.5050 Warn 123 
2025-04-02 11:23:19.8284 Info Application is shutting down... 
2025-04-02 11:23:33.3946 Info Application started. Press Ctrl+C to shut down. 
2025-04-02 11:23:33.4149 Info Hosting environment: Production 
2025-04-02 11:23:33.4149 Info Content root path: C:\Users\Administrator\Documents\GitHub\ZhuVision\WPF.Wcs.Wpf-ui\WinCC.Wpfui.Wcs\WinCC.Wpfui\bin\Debug\net9.0-windows10.0.22000.0 
2025-04-02 11:23:35.1618 Warn 123 
2025-04-02 11:23:44.6305 Info Application is shutting down... 
2025-04-02 11:24:10.4473 Info Application started. Press Ctrl+C to shut down. 
2025-04-02 11:24:10.4699 Info Hosting environment: Production 
2025-04-02 11:24:10.4699 Info Content root path: C:\Users\Administrator\Documents\GitHub\ZhuVision\WPF.Wcs.Wpf-ui\WinCC.Wpfui.Wcs\WinCC.Wpfui\bin\Debug\net9.0-windows10.0.22000.0 
2025-04-02 11:24:12.5449 Warn 123 
2025-04-02 11:24:37.2554 Info Application started. Press Ctrl+C to shut down. 
2025-04-02 11:24:37.2802 Info Hosting environment: Production 
2025-04-02 11:24:37.2802 Info Content root path: C:\Users\Administrator\Documents\GitHub\ZhuVision\WPF.Wcs.Wpf-ui\WinCC.Wpfui.Wcs\WinCC.Wpfui\bin\Debug\net9.0-windows10.0.22000.0 
2025-04-02 11:24:54.9857 Warn 123 
2025-04-02 11:24:59.2399 Info Application is shutting down... 
2025-04-02 11:26:45.0025 Info Application started. Press Ctrl+C to shut down. 
2025-04-02 11:26:45.0193 Info Hosting environment: Production 
2025-04-02 11:26:45.0193 Info Content root path: C:\Users\Administrator\Documents\GitHub\ZhuVision\WPF.Wcs.Wpf-ui\WinCC.Wpfui.Wcs\WinCC.Wpfui\bin\Debug\net9.0-windows10.0.22000.0 
2025-04-02 11:26:49.4499 Warn 123 
2025-04-02 11:27:00.4344 Info Application is shutting down... 
2025-04-02 11:31:17.5713 Info Application started. Press Ctrl+C to shut down. 
2025-04-02 11:31:17.5912 Info Hosting environment: Production 
2025-04-02 11:31:17.5921 Info Content root path: C:\Users\Administrator\Documents\GitHub\ZhuVision\WPF.Wcs.Wpf-ui\WinCC.Wpfui.Wcs\WinCC.Wpfui\bin\Debug\net9.0-windows10.0.22000.0 
2025-04-02 11:31:19.4715 Warn 123 
2025-04-02 11:31:23.0313 Warn 123 
2025-04-02 11:31:27.6056 Warn 123 
2025-04-02 11:31:32.7010 Info Application is shutting down... 
